Log file open, 09/11/22 13:30:29
LogWindows: Failed to load 'aqProf.dll' (GetLastError=126)
LogWindows: File 'aqProf.dll' does not exist
LogWindows: Failed to load 'VtuneApi.dll' (GetLastError=126)
LogWindows: File 'VtuneApi.dll' does not exist
LogWindows: Failed to load 'VtuneApi32e.dll' (GetLastError=126)
LogWindows: File 'VtuneApi32e.dll' does not exist
LogConsoleResponse: Display: Failed to find resolution value strings in scalability ini. Falling back to default.
LogInit: Display: Running engine for game: MyProject
LogInit: Display: Project file not found: ../../../MyProject/MyProject.uproject
LogInit: Display: 	Attempting to find via project info helper.
LogUProjectInfo: Found projects:
LogPakFile: Display: Found Pak file ../../../MyProject/Content/Paks/MyProject-WindowsNoEditor.pak attempting to mount.
LogPakFile: Display: Mounting pak file ../../../MyProject/Content/Paks/MyProject-WindowsNoEditor.pak.
LogPlatformFile: Not using cached read wrapper
LogTaskGraph: Started task graph with 5 named threads and 23 total threads with 3 sets of task threads.
LogStats: Stats thread started at 0.180018
LogD3D11RHI: Loaded GFSDK_Aftermath_Lib.x64.dll
LogICUInternationalization: ICU TimeZone Detection - Raw Offset: +2:00, Platform Override: ''
LogPluginManager: Mounting plugin Paper2D
LogPluginManager: Mounting plugin AISupport
LogPluginManager: Mounting plugin LightPropagationVolume
LogPluginManager: Mounting plugin AnimationSharing
LogPluginManager: Mounting plugin SignificanceManager
LogPluginManager: Mounting plugin UObjectPlugin
LogPluginManager: Mounting plugin AssetManagerEditor
LogPluginManager: Mounting plugin FacialAnimation
LogPluginManager: Mounting plugin DatasmithContent
LogPluginManager: Mounting plugin VariantManagerContent
LogPluginManager: Mounting plugin AlembicImporter
LogPluginManager: Mounting plugin GeometryCache
LogPluginManager: Mounting plugin AutomationUtils
LogPluginManager: Mounting plugin ScreenshotTools
LogPluginManager: Mounting plugin BackChannel
LogPluginManager: Mounting plugin CharacterAI
LogPluginManager: Mounting plugin PlatformCrypto
LogPluginManager: Mounting plugin MagicLeap
LogPluginManager: Mounting plugin MLSDK
LogPluginManager: Mounting plugin AvfMedia
LogPluginManager: Mounting plugin ImgMedia
LogPluginManager: Mounting plugin MediaCompositing
LogPluginManager: Mounting plugin WmfMedia
LogPluginManager: Mounting plugin TcpMessaging
LogPluginManager: Mounting plugin UdpMessaging
LogPluginManager: Mounting plugin ActorSequence
LogPluginManager: Mounting plugin NetcodeUnitTest
LogPluginManager: Mounting plugin NUTUnrealEngine4
LogPluginManager: Mounting plugin OnlineSubsystemNull
LogPluginManager: Mounting plugin OnlineSubsystem
LogPluginManager: Mounting plugin OnlineSubsystemUtils
LogPluginManager: Mounting plugin LauncherChunkInstaller
LogPluginManager: Mounting plugin AndroidPermission
LogPluginManager: Mounting plugin AppleImageUtils
LogPluginManager: Mounting plugin ArchVisCharacter
LogPluginManager: Mounting plugin AssetTags
LogPluginManager: Mounting plugin AudioCapture
LogPluginManager: Mounting plugin CableComponent
LogPluginManager: Mounting plugin CustomMeshComponent
LogPluginManager: Mounting plugin EditableMesh
LogPluginManager: Mounting plugin ExampleDeviceProfileSelector
LogPluginManager: Mounting plugin LocationServicesBPLibrary
LogPluginManager: Mounting plugin MobilePatchingUtils
LogPluginManager: Mounting plugin OculusVR
LogPluginManager: Mounting plugin ProceduralMeshComponent
LogPluginManager: Mounting plugin PhysXVehicles
LogPluginManager: Mounting plugin RuntimePhysXCooking
LogPluginManager: Mounting plugin SteamVR
LogPluginManager: Mounting plugin WebMMoviePlayer
LogPluginManager: Mounting plugin WebMMedia
LogPluginManager: Mounting plugin WindowsMoviePlayer
LogInit: Using libcurl 7.55.1-DEV
LogInit:  - built for x86_64-pc-win32
LogInit:  - supports SSL with OpenSSL/1.1.1
LogInit:  - supports HTTP deflate (compression) using libz 1.2.8
LogInit:  - other features:
LogInit:      CURL_VERSION_SSL
LogInit:      CURL_VERSION_LIBZ
LogInit:      CURL_VERSION_IPV6
LogInit:      CURL_VERSION_ASYNCHDNS
LogInit:      CURL_VERSION_LARGEFILE
LogInit:      CURL_VERSION_IDN
LogInit:  CurlRequestOptions (configurable via config and command line):
LogInit:  - bVerifyPeer = true  - Libcurl will verify peer certificate
LogInit:  - bUseHttpProxy = false  - Libcurl will NOT use HTTP proxy
LogInit:  - bDontReuseConnections = false  - Libcurl will reuse connections
LogInit:  - MaxHostConnections = 16  - Libcurl will limit the number of connections to a host
LogInit:  - LocalHostAddr = Default
LogInit:  - BufferSize = 65536
LogOnline: OSS: Creating online subsystem instance for: NULL
LogInit: WinSock: version 1.1 (2.2), MaxSocks=32767, MaxUdp=65467
LogOnline: OSS: TryLoadSubsystemAndSetDefault: Loaded subsystem for module [NULL]
LogInit: Build: ++UE4+Release-4.24-CL-11590370
LogInit: Engine Version: 4.24.3-11590370+++UE4+Release-4.24
LogInit: Compatible Engine Version: 4.24.0-10570792+++UE4+Release-4.24
LogInit: Net CL: 10570792
LogInit: OS: Windows 10 (Release 2009) (), CPU: Intel(R) Core(TM) i5-9300H CPU @ 2.40GHz, GPU: Intel(R) UHD Graphics 630
LogInit: Compiled (64-bit): Feb 24 2020 20:52:55
LogInit: Compiled with Visual C++: 19.16.27032.01
LogInit: Build Configuration: Development
LogInit: Branch Name: ++UE4+Release-4.24
LogInit: Command Line: 
LogInit: Base Directory: C:/Users/PC/Desktop/all/WindowsNoEditor/Engine/Binaries/Win64/
LogInit: Installed Engine Build: 0
LogDevObjectVersion: Number of dev versions registered: 25
LogDevObjectVersion:   Dev-Blueprints (B0D832E4-1F89-4F0D-ACCF-7EB736FD4AA2): 10
LogDevObjectVersion:   Dev-Build (E1C64328-A22C-4D53-A36C-8E866417BD8C): 0
LogDevObjectVersion:   Dev-Core (375EC13C-06E4-48FB-B500-84F0262A717E): 3
LogDevObjectVersion:   Dev-Editor (E4B068ED-F494-42E9-A231-DA0B2E46BB41): 37
LogDevObjectVersion:   Dev-Framework (CFFC743F-43B0-4480-9391-14DF171D2073): 36
LogDevObjectVersion:   Dev-Mobile (B02B49B5-BB20-44E9-A304-32B752E40360): 2
LogDevObjectVersion:   Dev-Networking (A4E4105C-59A1-49B5-A7C5-40C4547EDFEE): 0
LogDevObjectVersion:   Dev-Online (39C831C9-5AE6-47DC-9A44-9C173E1C8E7C): 0
LogDevObjectVersion:   Dev-Physics (78F01B33-EBEA-4F98-B9B4-84EACCB95AA2): 2
LogDevObjectVersion:   Dev-Platform (6631380F-2D4D-43E0-8009-CF276956A95A): 0
LogDevObjectVersion:   Dev-Rendering (12F88B9F-8875-4AFC-A67C-D90C383ABD29): 36
LogDevObjectVersion:   Dev-Sequencer (7B5AE74C-D270-4C10-A958-57980B212A5A): 11
LogDevObjectVersion:   Dev-VR (D7296918-1DD6-4BDD-9DE2-64A83CC13884): 2
LogDevObjectVersion:   Dev-LoadTimes (C2A15278-BFE7-4AFE-6C17-90FF531DF755): 1
LogDevObjectVersion:   Private-Geometry (6EACA3D4-40EC-4CC1-B786-8BED09428FC5): 3
LogDevObjectVersion:   Dev-AnimPhys (29E575DD-E0A3-4627-9D10-D276232CDCEA): 17
LogDevObjectVersion:   Dev-Anim (AF43A65D-7FD3-4947-9873-3E8ED9C1BB05): 2
LogDevObjectVersion:   Dev-ReflectionCapture (6B266CEC-1EC7-4B8F-A30B-E4D90942FC07): 1
LogDevObjectVersion:   Dev-Automation (0DF73D61-A23F-47EA-B727-89E90C41499A): 1
LogDevObjectVersion:   FortniteMain (601D1886-AC64-4F84-AA16-D3DE0DEAC7D6): 31
LogDevObjectVersion:   Dev-Enterprise (9DFFBCD6-494F-0158-E221-12823C92A888): 8
LogDevObjectVersion:   Dev-Niagara (F2AED0AC-9AFE-416F-8664-AA7FFA26D6FC): 1
LogDevObjectVersion:   Dev-Destruction (174F1F0B-B4C6-45A5-B13F-2EE8D0FB917D): 9
LogDevObjectVersion:   Dev-Physics-Ext (35F94A83-E258-406C-A318-09F59610247C): 8
LogDevObjectVersion:   Dev-CineCamera (B2E18506-4273-CFC2-A54E-F4BB758BBA07): 1
LogInit: Presizing for max 2097152 objects, including 1 objects not considered by GC, pre-allocating 0 bytes for permanent pool.
LogStreaming: Display: Async Loading initialized: Event Driven Loader: true, Async Loading Thread: false, Async Post Load: true
LogInit: Object subsystem initialized
LogConfig: Setting CVar [[con.DebugEarlyDefault:1]]
LogConfig: Setting CVar [[r.setres:1280x720]]
[2022.09.11-10.30.29:983][  0]LogConfig: Setting CVar [[con.DebugEarlyDefault:1]]
[2022.09.11-10.30.29:983][  0]LogConfig: Setting CVar [[r.setres:1280x720]]
[2022.09.11-10.30.29:983][  0]LogConfig: Applying CVar settings from Section [/Script/Engine.RendererSettings] File [../../../MyProject/Saved/Config/WindowsNoEditor/Engine.ini]
[2022.09.11-10.30.29:983][  0]LogConfig: Setting CVar [[r.GPUCrashDebugging:0]]
[2022.09.11-10.30.29:983][  0]LogConfig: Setting CVar [[r.MobileHDR:1]]
[2022.09.11-10.30.29:983][  0]LogConfig: Setting CVar [[r.Mobile.DisableVertexFog:1]]
[2022.09.11-10.30.29:984][  0]LogConfig: Setting CVar [[r.Shadow.CSM.MaxMobileCascades:2]]
[2022.09.11-10.30.29:984][  0]LogConfig: Setting CVar [[r.MobileMSAA:1]]
[2022.09.11-10.30.29:984][  0]LogConfig: Setting CVar [[r.Mobile.UseLegacyShadingModel:0]]
[2022.09.11-10.30.29:984][  0]LogConfig: Setting CVar [[r.Mobile.UseHWsRGBEncoding:0]]
[2022.09.11-10.30.29:984][  0]LogConfig: Setting CVar [[r.Mobile.AllowDitheredLODTransition:0]]
[2022.09.11-10.30.29:984][  0]LogConfig: Setting CVar [[r.Mobile.AllowSoftwareOcclusion:0]]
[2022.09.11-10.30.29:984][  0]LogConfig: Setting CVar [[r.DiscardUnusedQuality:0]]
[2022.09.11-10.30.29:984][  0]LogConfig: Setting CVar [[r.AllowOcclusionQueries:1]]
[2022.09.11-10.30.29:984][  0]LogConfig: Setting CVar [[r.MinScreenRadiusForLights:0.030000]]
[2022.09.11-10.30.29:984][  0]LogConfig: Setting CVar [[r.MinScreenRadiusForDepthPrepass:0.030000]]
[2022.09.11-10.30.29:984][  0]LogConfig: Setting CVar [[r.MinScreenRadiusForCSMDepth:0.010000]]
[2022.09.11-10.30.29:984][  0]LogConfig: Setting CVar [[r.PrecomputedVisibilityWarning:0]]
[2022.09.11-10.30.29:984][  0]LogConfig: Setting CVar [[r.TextureStreaming:1]]
[2022.09.11-10.30.29:984][  0]LogConfig: Setting CVar [[Compat.UseDXT5NormalMaps:0]]
[2022.09.11-10.30.29:984][  0]LogConfig: Setting CVar [[r.VirtualTextures:0]]
[2022.09.11-10.30.29:984][  0]LogConfig: Setting CVar [[r.VirtualTexturedLightmaps:0]]
[2022.09.11-10.30.29:984][  0]LogConfig: Setting CVar [[r.VT.TileSize:128]]
[2022.09.11-10.30.29:984][  0]LogConfig: Setting CVar [[r.VT.TileBorderSize:4]]
[2022.09.11-10.30.29:984][  0]LogConfig: Setting CVar [[r.vt.FeedbackFactor:16]]
[2022.09.11-10.30.29:984][  0]LogConfig: Setting CVar [[r.VT.EnableCompressZlib:1]]
[2022.09.11-10.30.29:984][  0]LogConfig: Setting CVar [[r.VT.EnableCompressCrunch:0]]
[2022.09.11-10.30.29:984][  0]LogConfig: Setting CVar [[r.ClearCoatNormal:0]]
[2022.09.11-10.30.29:984][  0]LogConfig: Setting CVar [[r.ReflectionCaptureResolution:128]]
[2022.09.11-10.30.29:984][  0]LogConfig: Setting CVar [[r.ReflectionEnvironmentLightmapMixBasedOnRoughness:1]]
[2022.09.11-10.30.29:984][  0]LogConfig: Setting CVar [[r.ForwardShading:0]]
[2022.09.11-10.30.29:984][  0]LogConfig: Setting CVar [[r.VertexFoggingForOpaque:1]]
[2022.09.11-10.30.29:984][  0]LogConfig: Setting CVar [[r.AllowStaticLighting:1]]
[2022.09.11-10.30.29:984][  0]LogConfig: Setting CVar [[r.NormalMapsForStaticLighting:0]]
[2022.09.11-10.30.29:984][  0]LogConfig: Setting CVar [[r.GenerateMeshDistanceFields:0]]
[2022.09.11-10.30.29:984][  0]LogConfig: Setting CVar [[r.DistanceFieldBuild.EightBit:0]]
[2022.09.11-10.30.29:984][  0]LogConfig: Setting CVar [[r.GenerateLandscapeGIData:0]]
[2022.09.11-10.30.29:984][  0]LogConfig: Setting CVar [[r.DistanceFieldBuild.Compress:0]]
[2022.09.11-10.30.29:984][  0]LogConfig: Setting CVar [[r.TessellationAdaptivePixelsPerTriangle:48.000000]]
[2022.09.11-10.30.29:984][  0]LogConfig: Setting CVar [[r.SeparateTranslucency:1]]
[2022.09.11-10.30.29:984][  0]LogConfig: Setting CVar [[r.TranslucentSortPolicy:0]]
[2022.09.11-10.30.29:984][  0]LogConfig: Setting CVar [[r.CustomDepth:1]]
[2022.09.11-10.30.29:984][  0]LogConfig: Setting CVar [[r.CustomDepthTemporalAAJitter:1]]
[2022.09.11-10.30.29:984][  0]LogConfig: Setting CVar [[r.PostProcessing.PropagateAlpha:0]]
[2022.09.11-10.30.29:984][  0]LogConfig: Setting CVar [[r.DefaultFeature.Bloom:1]]
[2022.09.11-10.30.29:984][  0]LogConfig: Setting CVar [[r.DefaultFeature.AmbientOcclusion:1]]
[2022.09.11-10.30.29:984][  0]LogConfig: Setting CVar [[r.DefaultFeature.AmbientOcclusionStaticFraction:1]]
[2022.09.11-10.30.29:984][  0]LogConfig: Setting CVar [[r.DefaultFeature.AutoExposure:1]]
[2022.09.11-10.30.29:984][  0]LogConfig: Setting CVar [[r.DefaultFeature.AutoExposure.Method:0]]
[2022.09.11-10.30.29:984][  0]LogConfig: Setting CVar [[r.DefaultFeature.AutoExposure.ExtendDefaultLuminanceRange:0]]
[2022.09.11-10.30.29:984][  0]LogConfig: Setting CVar [[r.UsePreExposure:1]]
[2022.09.11-10.30.29:984][  0]LogConfig: Setting CVar [[r.EyeAdaptation.EditorOnly:1]]
[2022.09.11-10.30.29:984][  0]LogConfig: Setting CVar [[r.DefaultFeature.MotionBlur:1]]
[2022.09.11-10.30.29:984][  0]LogConfig: Setting CVar [[r.DefaultFeature.LensFlare:0]]
[2022.09.11-10.30.29:984][  0]LogConfig: Setting CVar [[r.TemporalAA.Upsampling:0]]
[2022.09.11-10.30.29:984][  0]LogConfig: Setting CVar [[r.SSGI.Enable:0]]
[2022.09.11-10.30.29:984][  0]LogConfig: Setting CVar [[r.DefaultFeature.AntiAliasing:2]]
[2022.09.11-10.30.29:984][  0]LogConfig: Setting CVar [[r.DefaultFeature.LightUnits:1]]
[2022.09.11-10.30.29:984][  0]LogConfig: Setting CVar [[r.DefaultBackBufferPixelFormat:4]]
[2022.09.11-10.30.29:984][  0]LogConfig: Setting CVar [[r.Shadow.UnbuiltPreviewInGame:1]]
[2022.09.11-10.30.29:984][  0]LogConfig: Setting CVar [[r.StencilForLODDither:0]]
[2022.09.11-10.30.29:984][  0]LogConfig: Setting CVar [[r.EarlyZPass:3]]
[2022.09.11-10.30.29:985][  0]LogConfig: Setting CVar [[r.EarlyZPassOnlyMaterialMasking:0]]
[2022.09.11-10.30.29:986][  0]LogConfig: Setting CVar [[r.DBuffer:1]]
[2022.09.11-10.30.29:986][  0]LogConfig: Setting CVar [[r.ClearSceneMethod:1]]
[2022.09.11-10.30.29:986][  0]LogConfig: Setting CVar [[r.BasePassOutputsVelocity:0]]
[2022.09.11-10.30.29:986][  0]LogConfig: Setting CVar [[r.SelectiveBasePassOutputs:0]]
[2022.09.11-10.30.29:986][  0]LogConfig: Setting CVar [[fx.GPUSimulationTextureSizeX:1024]]
[2022.09.11-10.30.29:986][  0]LogConfig: Setting CVar [[fx.GPUSimulationTextureSizeY:1024]]
[2022.09.11-10.30.29:986][  0]LogConfig: Setting CVar [[r.AllowGlobalClipPlane:0]]
[2022.09.11-10.30.29:986][  0]LogConfig: Setting CVar [[r.GBufferFormat:1]]
[2022.09.11-10.30.29:986][  0]LogConfig: Setting CVar [[r.MorphTarget.Mode:1]]
[2022.09.11-10.30.29:986][  0]LogConfig: Setting CVar [[vr.InstancedStereo:0]]
[2022.09.11-10.30.29:986][  0]LogConfig: Setting CVar [[vr.MultiView:0]]
[2022.09.11-10.30.29:986][  0]LogConfig: Setting CVar [[vr.MobileMultiView:0]]
[2022.09.11-10.30.29:986][  0]LogConfig: Setting CVar [[vr.MobileMultiView.Direct:0]]
[2022.09.11-10.30.29:986][  0]LogConfig: Setting CVar [[vr.RoundRobinOcclusion:0]]
[2022.09.11-10.30.29:986][  0]LogConfig: Setting CVar [[vr.ODSCapture:0]]
[2022.09.11-10.30.29:986][  0]LogConfig: Setting CVar [[r.WireframeCullThreshold:5.000000]]
[2022.09.11-10.30.29:986][  0]LogConfig: Setting CVar [[r.RayTracing:0]]
[2022.09.11-10.30.29:986][  0]LogConfig: Setting CVar [[r.RayTracing.UseTextureLod:0]]
[2022.09.11-10.30.29:986][  0]LogConfig: Setting CVar [[r.SupportStationarySkylight:1]]
[2022.09.11-10.30.29:986][  0]LogConfig: Setting CVar [[r.SupportLowQualityLightmaps:1]]
[2022.09.11-10.30.29:986][  0]LogConfig: Setting CVar [[r.SupportPointLightWholeSceneShadows:1]]
[2022.09.11-10.30.29:986][  0]LogConfig: Setting CVar [[r.SupportAtmosphericFog:1]]
[2022.09.11-10.30.29:986][  0]LogConfig: Setting CVar [[r.SupportSkyAtmosphere:1]]
[2022.09.11-10.30.29:986][  0]LogConfig: Setting CVar [[r.SupportSkyAtmosphereAffectsHeightFog:0]]
[2022.09.11-10.30.29:986][  0]LogConfig: Setting CVar [[r.SkinCache.CompileShaders:0]]
[2022.09.11-10.30.29:986][  0]LogConfig: Setting CVar [[r.Mobile.EnableStaticAndCSMShadowReceivers:1]]
[2022.09.11-10.30.29:986][  0]LogConfig: Setting CVar [[r.Mobile.EnableMovableLightCSMShaderCulling:1]]
[2022.09.11-10.30.29:986][  0]LogConfig: Setting CVar [[r.Mobile.AllowDistanceFieldShadows:1]]
[2022.09.11-10.30.29:986][  0]LogConfig: Setting CVar [[r.Mobile.AllowMovableDirectionalLights:1]]
[2022.09.11-10.30.29:986][  0]LogConfig: Setting CVar [[r.MobileNumDynamicPointLights:4]]
[2022.09.11-10.30.29:986][  0]LogConfig: Setting CVar [[r.MobileDynamicPointLightsUseStaticBranch:1]]
[2022.09.11-10.30.29:986][  0]LogConfig: Setting CVar [[r.Mobile.EnableMovableSpotlights:0]]
[2022.09.11-10.30.29:986][  0]LogConfig: Setting CVar [[r.SkinCache.SceneMemoryLimitInMB:128.000000]]
[2022.09.11-10.30.29:986][  0]LogConfig: Setting CVar [[r.GPUSkin.Limit2BoneInfluences:0]]
[2022.09.11-10.30.29:986][  0]LogConfig: Setting CVar [[r.SupportDepthOnlyIndexBuffers:1]]
[2022.09.11-10.30.29:986][  0]LogConfig: Setting CVar [[r.SupportReversedIndexBuffers:1]]
[2022.09.11-10.30.29:986][  0]LogConfig: Setting CVar [[r.SupportMaterialLayers:0]]
[2022.09.11-10.30.29:986][  0]LogConfig: Setting CVar [[r.LightPropagationVolume:0]]
[2022.09.11-10.30.29:986][  0]LogConfig: Applying CVar settings from Section [/Script/Engine.RendererOverrideSettings] File [../../../MyProject/Saved/Config/WindowsNoEditor/Engine.ini]
[2022.09.11-10.30.29:986][  0]LogConfig: Applying CVar settings from Section [/Script/Engine.StreamingSettings] File [../../../MyProject/Saved/Config/WindowsNoEditor/Engine.ini]
[2022.09.11-10.30.29:986][  0]LogConfig: Setting CVar [[s.MinBulkDataSizeForAsyncLoading:131072]]
[2022.09.11-10.30.29:986][  0]LogConfig: Setting CVar [[s.AsyncLoadingThreadEnabled:0]]
[2022.09.11-10.30.29:986][  0]LogConfig: Setting CVar [[s.EventDrivenLoaderEnabled:1]]
[2022.09.11-10.30.29:986][  0]LogConfig: Setting CVar [[s.WarnIfTimeLimitExceeded:0]]
[2022.09.11-10.30.29:986][  0]LogConfig: Setting CVar [[s.TimeLimitExceededMultiplier:1.5]]
[2022.09.11-10.30.29:986][  0]LogConfig: Setting CVar [[s.TimeLimitExceededMinTime:0.005]]
[2022.09.11-10.30.29:986][  0]LogConfig: Setting CVar [[s.UseBackgroundLevelStreaming:1]]
[2022.09.11-10.30.29:986][  0]LogConfig: Setting CVar [[s.PriorityAsyncLoadingExtraTime:15.0]]
[2022.09.11-10.30.29:986][  0]LogConfig: Setting CVar [[s.LevelStreamingActorsUpdateTimeLimit:5.0]]
[2022.09.11-10.30.29:986][  0]LogConfig: Setting CVar [[s.PriorityLevelStreamingActorsUpdateExtraTime:5.0]]
[2022.09.11-10.30.29:986][  0]LogConfig: Setting CVar [[s.LevelStreamingComponentsRegistrationGranularity:10]]
[2022.09.11-10.30.29:986][  0]LogConfig: Setting CVar [[s.UnregisterComponentsTimeLimit:1.0]]
[2022.09.11-10.30.29:986][  0]LogConfig: Setting CVar [[s.LevelStreamingComponentsUnregistrationGranularity:5]]
[2022.09.11-10.30.29:986][  0]LogConfig: Setting CVar [[s.FlushStreamingOnExit:1]]
[2022.09.11-10.30.29:986][  0]LogConfig: Applying CVar settings from Section [/Script/Engine.GarbageCollectionSettings] File [../../../MyProject/Saved/Config/WindowsNoEditor/Engine.ini]
[2022.09.11-10.30.29:986][  0]LogConfig: Setting CVar [[gc.MaxObjectsNotConsideredByGC:1]]
[2022.09.11-10.30.29:986][  0]LogConfig: Setting CVar [[gc.SizeOfPermanentObjectPool:0]]
[2022.09.11-10.30.29:986][  0]LogConfig: Setting CVar [[gc.FlushStreamingOnGC:0]]
[2022.09.11-10.30.29:986][  0]LogConfig: Setting CVar [[gc.NumRetriesBeforeForcingGC:10]]
[2022.09.11-10.30.29:986][  0]LogConfig: Setting CVar [[gc.AllowParallelGC:1]]
[2022.09.11-10.30.29:986][  0]LogConfig: Setting CVar [[gc.TimeBetweenPurgingPendingKillObjects:61.1]]
[2022.09.11-10.30.29:986][  0]LogConfig: Setting CVar [[gc.MaxObjectsInEditor:25165824]]
[2022.09.11-10.30.29:986][  0]LogConfig: Setting CVar [[gc.IncrementalBeginDestroyEnabled:1]]
[2022.09.11-10.30.29:986][  0]LogConfig: Setting CVar [[gc.CreateGCClusters:1]]
[2022.09.11-10.30.29:986][  0]LogConfig: Setting CVar [[gc.MinGCClusterSize:5]]
[2022.09.11-10.30.29:986][  0]LogConfig: Setting CVar [[gc.ActorClusteringEnabled:0]]
[2022.09.11-10.30.29:986][  0]LogConfig: Setting CVar [[gc.BlueprintClusteringEnabled:0]]
[2022.09.11-10.30.29:986][  0]LogConfig: Setting CVar [[gc.UseDisregardForGCOnDedicatedServers:0]]
[2022.09.11-10.30.29:986][  0]LogConfig: Applying CVar settings from Section [/Script/Engine.NetworkSettings] File [../../../MyProject/Saved/Config/WindowsNoEditor/Engine.ini]
[2022.09.11-10.30.29:991][  0]LogConfig: Applying CVar settings from Section [ViewDistanceQuality@3] File [../../../MyProject/Saved/Config/WindowsNoEditor/Scalability.ini]
[2022.09.11-10.30.29:991][  0]LogConfig: Setting CVar [[r.SkeletalMeshLODBias:0]]
[2022.09.11-10.30.29:991][  0]LogConfig: Setting CVar [[r.ViewDistanceScale:1.0]]
[2022.09.11-10.30.29:991][  0]LogConfig: Applying CVar settings from Section [AntiAliasingQuality@3] File [../../../MyProject/Saved/Config/WindowsNoEditor/Scalability.ini]
[2022.09.11-10.30.29:991][  0]LogConfig: Setting CVar [[r.PostProcessAAQuality:4]]
[2022.09.11-10.30.29:991][  0]LogConfig: Applying CVar settings from Section [ShadowQuality@3] File [../../../MyProject/Saved/Config/WindowsNoEditor/Scalability.ini]
[2022.09.11-10.30.29:991][  0]LogConfig: Setting CVar [[r.LightFunctionQuality:1]]
[2022.09.11-10.30.29:991][  0]LogConfig: Setting CVar [[r.ShadowQuality:5]]
[2022.09.11-10.30.29:991][  0]LogConfig: Setting CVar [[r.Shadow.CSM.MaxCascades:10]]
[2022.09.11-10.30.29:991][  0]LogConfig: Setting CVar [[r.Shadow.MaxResolution:2048]]
[2022.09.11-10.30.29:991][  0]LogConfig: Setting CVar [[r.Shadow.MaxCSMResolution:2048]]
[2022.09.11-10.30.29:991][  0]LogConfig: Setting CVar [[r.Shadow.RadiusThreshold:0.01]]
[2022.09.11-10.30.29:991][  0]LogConfig: Setting CVar [[r.Shadow.DistanceScale:1.0]]
[2022.09.11-10.30.29:991][  0]LogConfig: Setting CVar [[r.Shadow.CSM.TransitionScale:1.0]]
[2022.09.11-10.30.29:991][  0]LogConfig: Setting CVar [[r.Shadow.PreShadowResolutionFactor:1.0]]
[2022.09.11-10.30.29:991][  0]LogConfig: Setting CVar [[r.DistanceFieldShadowing:1]]
[2022.09.11-10.30.29:991][  0]LogConfig: Setting CVar [[r.DistanceFieldAO:1]]
[2022.09.11-10.30.29:991][  0]LogConfig: Setting CVar [[r.AOQuality:2]]
[2022.09.11-10.30.29:991][  0]LogConfig: Setting CVar [[r.VolumetricFog:1]]
[2022.09.11-10.30.29:991][  0]LogConfig: Setting CVar [[r.VolumetricFog.GridPixelSize:8]]
[2022.09.11-10.30.29:991][  0]LogConfig: Setting CVar [[r.VolumetricFog.GridSizeZ:128]]
[2022.09.11-10.30.29:991][  0]LogConfig: Setting CVar [[r.VolumetricFog.HistoryMissSupersampleCount:4]]
[2022.09.11-10.30.29:991][  0]LogConfig: Setting CVar [[r.LightMaxDrawDistanceScale:1]]
[2022.09.11-10.30.29:991][  0]LogConfig: Setting CVar [[r.CapsuleShadows:1]]
[2022.09.11-10.30.29:991][  0]LogConfig: Applying CVar settings from Section [PostProcessQuality@3] File [../../../MyProject/Saved/Config/WindowsNoEditor/Scalability.ini]
[2022.09.11-10.30.29:991][  0]LogConfig: Setting CVar [[r.MotionBlurQuality:4]]
[2022.09.11-10.30.29:991][  0]LogConfig: Setting CVar [[r.AmbientOcclusionMipLevelFactor:0.4]]
[2022.09.11-10.30.29:991][  0]LogConfig: Setting CVar [[r.AmbientOcclusionMaxQuality:100]]
[2022.09.11-10.30.29:991][  0]LogConfig: Setting CVar [[r.AmbientOcclusionLevels:-1]]
[2022.09.11-10.30.29:991][  0]LogConfig: Setting CVar [[r.AmbientOcclusionRadiusScale:1.0]]
[2022.09.11-10.30.29:991][  0]LogConfig: Setting CVar [[r.DepthOfFieldQuality:2]]
[2022.09.11-10.30.29:991][  0]LogConfig: Setting CVar [[r.RenderTargetPoolMin:400]]
[2022.09.11-10.30.29:991][  0]LogConfig: Setting CVar [[r.LensFlareQuality:2]]
[2022.09.11-10.30.29:991][  0]LogConfig: Setting CVar [[r.SceneColorFringeQuality:1]]
[2022.09.11-10.30.29:991][  0]LogConfig: Setting CVar [[r.EyeAdaptationQuality:2]]
[2022.09.11-10.30.29:991][  0]LogConfig: Setting CVar [[r.BloomQuality:5]]
[2022.09.11-10.30.29:991][  0]LogConfig: Setting CVar [[r.FastBlurThreshold:100]]
[2022.09.11-10.30.29:991][  0]LogConfig: Setting CVar [[r.Upscale.Quality:3]]
[2022.09.11-10.30.29:991][  0]LogConfig: Setting CVar [[r.Tonemapper.GrainQuantization:1]]
[2022.09.11-10.30.29:991][  0]LogConfig: Setting CVar [[r.LightShaftQuality:1]]
[2022.09.11-10.30.29:991][  0]LogConfig: Setting CVar [[r.Filter.SizeScale:1]]
[2022.09.11-10.30.29:991][  0]LogConfig: Setting CVar [[r.Tonemapper.Quality:5]]
[2022.09.11-10.30.29:991][  0]LogConfig: Setting CVar [[r.DOF.Gather.AccumulatorQuality:1        ; higher gathering accumulator quality]]
[2022.09.11-10.30.29:991][  0]LogConfig: Setting CVar [[r.DOF.Gather.PostfilterMethod:1          ; Median3x3 postfilering method]]
[2022.09.11-10.30.29:991][  0]LogConfig: Setting CVar [[r.DOF.Gather.EnableBokehSettings:0       ; no bokeh simulation when gathering]]
[2022.09.11-10.30.29:991][  0]LogConfig: Setting CVar [[r.DOF.Gather.RingCount:4                 ; medium number of samples when gathering]]
[2022.09.11-10.30.29:991][  0]LogConfig: Setting CVar [[r.DOF.Scatter.ForegroundCompositing:1    ; additive foreground scattering]]
[2022.09.11-10.30.29:991][  0]LogConfig: Setting CVar [[r.DOF.Scatter.BackgroundCompositing:2    ; additive background scattering]]
[2022.09.11-10.30.29:991][  0]LogConfig: Setting CVar [[r.DOF.Scatter.EnableBokehSettings:1      ; bokeh simulation when scattering]]
[2022.09.11-10.30.29:991][  0]LogConfig: Setting CVar [[r.DOF.Scatter.MaxSpriteRatio:0.1         ; only a maximum of 10% of scattered bokeh]]
[2022.09.11-10.30.29:991][  0]LogConfig: Setting CVar [[r.DOF.Recombine.Quality:1                ; cheap slight out of focus]]
[2022.09.11-10.30.29:991][  0]LogConfig: Setting CVar [[r.DOF.Recombine.EnableBokehSettings:0    ; no bokeh simulation on slight out of focus]]
[2022.09.11-10.30.29:991][  0]LogConfig: Setting CVar [[r.DOF.TemporalAAQuality:1                ; more stable temporal accumulation]]
[2022.09.11-10.30.29:991][  0]LogConfig: Setting CVar [[r.DOF.Kernel.MaxForegroundRadius:0.025]]
[2022.09.11-10.30.29:991][  0]LogConfig: Setting CVar [[r.DOF.Kernel.MaxBackgroundRadius:0.025]]
[2022.09.11-10.30.29:991][  0]LogConfig: Applying CVar settings from Section [TextureQuality@3] File [../../../MyProject/Saved/Config/WindowsNoEditor/Scalability.ini]
[2022.09.11-10.30.29:991][  0]LogConfig: Setting CVar [[r.Streaming.MipBias:0]]
[2022.09.11-10.30.29:991][  0]LogConfig: Setting CVar [[r.Streaming.AmortizeCPUToGPUCopy:0]]
[2022.09.11-10.30.29:992][  0]LogConfig: Setting CVar [[r.Streaming.MaxNumTexturesToStreamPerFrame:0]]
[2022.09.11-10.30.29:992][  0]LogConfig: Setting CVar [[r.Streaming.Boost:1]]
[2022.09.11-10.30.29:992][  0]LogConfig: Setting CVar [[r.MaxAnisotropy:8]]
[2022.09.11-10.30.29:992][  0]LogConfig: Setting CVar [[r.VT.MaxAnisotropy:8]]
[2022.09.11-10.30.29:992][  0]LogConfig: Setting CVar [[r.Streaming.LimitPoolSizeToVRAM:0]]
[2022.09.11-10.30.29:992][  0]LogConfig: Setting CVar [[r.Streaming.PoolSize:1000]]
[2022.09.11-10.30.29:992][  0]LogConfig: Setting CVar [[r.Streaming.MaxEffectiveScreenSize:0]]
[2022.09.11-10.30.29:992][  0]LogConfig: Applying CVar settings from Section [EffectsQuality@3] File [../../../MyProject/Saved/Config/WindowsNoEditor/Scalability.ini]
[2022.09.11-10.30.29:992][  0]LogConfig: Setting CVar [[r.TranslucencyLightingVolumeDim:64]]
[2022.09.11-10.30.29:992][  0]LogConfig: Setting CVar [[r.RefractionQuality:2]]
[2022.09.11-10.30.29:992][  0]LogConfig: Setting CVar [[r.SSR.Quality:3]]
[2022.09.11-10.30.29:992][  0]LogConfig: Setting CVar [[r.SSR.HalfResSceneColor:0]]
[2022.09.11-10.30.29:992][  0]LogConfig: Setting CVar [[r.SceneColorFormat:4]]
[2022.09.11-10.30.29:992][  0]LogConfig: Setting CVar [[r.DetailMode:2]]
[2022.09.11-10.30.29:992][  0]LogConfig: Setting CVar [[r.TranslucencyVolumeBlur:1]]
[2022.09.11-10.30.29:992][  0]LogConfig: Setting CVar [[r.MaterialQualityLevel:1 ; High quality]]
[2022.09.11-10.30.29:992][  0]LogConfig: Setting CVar [[r.SSS.Scale:1]]
[2022.09.11-10.30.29:992][  0]LogConfig: Setting CVar [[r.SSS.SampleSet:2]]
[2022.09.11-10.30.29:992][  0]LogConfig: Setting CVar [[r.SSS.Quality:1]]
[2022.09.11-10.30.29:992][  0]LogConfig: Setting CVar [[r.SSS.HalfRes:1]]
[2022.09.11-10.30.29:992][  0]LogConfig: Setting CVar [[r.SSGI.Quality:3]]
[2022.09.11-10.30.29:992][  0]LogConfig: Setting CVar [[r.EmitterSpawnRateScale:1.0]]
[2022.09.11-10.30.29:992][  0]LogConfig: Setting CVar [[r.ParticleLightQuality:2]]
[2022.09.11-10.30.29:992][  0]LogConfig: Setting CVar [[r.SkyAtmosphere.AerialPerspectiveLUT.FastApplyOnOpaque:1 ; Always have FastSkyLUT 1 in this case to avoid wrong sky]]
[2022.09.11-10.30.29:992][  0]LogConfig: Setting CVar [[r.SkyAtmosphere.AerialPerspectiveLUT.SampleCountPerSlice:1]]
[2022.09.11-10.30.29:992][  0]LogConfig: Setting CVar [[r.SkyAtmosphere.AerialPerspectiveLUT.DepthResolution:16.0]]
[2022.09.11-10.30.29:992][  0]LogConfig: Setting CVar [[r.SkyAtmosphere.FastSkyLUT:1]]
[2022.09.11-10.30.29:992][  0]LogConfig: Setting CVar [[r.SkyAtmosphere.FastSkyLUT.SampleCountMin:4.0]]
[2022.09.11-10.30.29:992][  0]LogConfig: Setting CVar [[r.SkyAtmosphere.FastSkyLUT.SampleCountMax:32.0]]
[2022.09.11-10.30.29:992][  0]LogConfig: Setting CVar [[r.SkyAtmosphere.SampleCountMin:4.0]]
[2022.09.11-10.30.29:992][  0]LogConfig: Setting CVar [[r.SkyAtmosphere.SampleCountMax:32.0]]
[2022.09.11-10.30.29:992][  0]LogConfig: Setting CVar [[r.SkyAtmosphere.TransmittanceLUT.UseSmallFormat:0]]
[2022.09.11-10.30.29:992][  0]LogConfig: Setting CVar [[r.SkyAtmosphere.TransmittanceLUT.SampleCount:10.0]]
[2022.09.11-10.30.29:992][  0]LogConfig: Setting CVar [[r.SkyAtmosphere.MultiScatteringLUT.SampleCount:15.0]]
[2022.09.11-10.30.29:992][  0]LogConfig: Applying CVar settings from Section [FoliageQuality@3] File [../../../MyProject/Saved/Config/WindowsNoEditor/Scalability.ini]
[2022.09.11-10.30.29:992][  0]LogConfig: Setting CVar [[foliage.DensityScale:1.0]]
[2022.09.11-10.30.29:992][  0]LogConfig: Setting CVar [[grass.DensityScale:1.0]]
[2022.09.11-10.30.29:992][  0]LogConfig: Applying CVar settings from Section [ShadingQuality@3] File [../../../MyProject/Saved/Config/WindowsNoEditor/Scalability.ini]
[2022.09.11-10.30.29:992][  0]LogConfig: Setting CVar [[r.HairStrands.SkyLighting.SampleCount:16]]
[2022.09.11-10.30.29:992][  0]LogConfig: Setting CVar [[r.HairStrands.SkyLighting.JitterIntegration:0]]
[2022.09.11-10.30.29:992][  0]LogConfig: Setting CVar [[r.HairStrands.SkyAO.SampleCount:16]]
[2022.09.11-10.30.29:993][  0]LogInit: Selected Device Profile: [WindowsNoEditor]
[2022.09.11-10.30.29:993][  0]LogInit: Applying CVar settings loaded from the selected device profile: [WindowsNoEditor]
[2022.09.11-10.30.29:996][  0]LogHAL: Display: Platform has ~ 8 GB [8464355328 / 8589934592 / 8], which maps to Default [LargestMinGB=32, LargerMinGB=12, DefaultMinGB=8, SmallerMinGB=6, SmallestMinGB=0)
[2022.09.11-10.30.29:996][  0]LogInit: Going up to parent DeviceProfile [Windows]
[2022.09.11-10.30.29:996][  0]LogInit: Going up to parent DeviceProfile []
[2022.09.11-10.30.29:996][  0]LogConfig: Applying CVar settings from Section [ViewDistanceQuality@3] File [../../../MyProject/Saved/Config/WindowsNoEditor/Scalability.ini]
[2022.09.11-10.30.29:996][  0]LogConfig: Setting CVar [[r.SkeletalMeshLODBias:0]]
[2022.09.11-10.30.29:996][  0]LogConfig: Setting CVar [[r.ViewDistanceScale:1.0]]
[2022.09.11-10.30.29:996][  0]LogConfig: Applying CVar settings from Section [AntiAliasingQuality@3] File [../../../MyProject/Saved/Config/WindowsNoEditor/Scalability.ini]
[2022.09.11-10.30.29:996][  0]LogConfig: Setting CVar [[r.PostProcessAAQuality:4]]
[2022.09.11-10.30.29:996][  0]LogConfig: Applying CVar settings from Section [ShadowQuality@3] File [../../../MyProject/Saved/Config/WindowsNoEditor/Scalability.ini]
[2022.09.11-10.30.29:996][  0]LogConfig: Setting CVar [[r.LightFunctionQuality:1]]
[2022.09.11-10.30.29:996][  0]LogConfig: Setting CVar [[r.ShadowQuality:5]]
[2022.09.11-10.30.29:996][  0]LogConfig: Setting CVar [[r.Shadow.CSM.MaxCascades:10]]
[2022.09.11-10.30.29:996][  0]LogConfig: Setting CVar [[r.Shadow.MaxResolution:2048]]
[2022.09.11-10.30.29:996][  0]LogConfig: Setting CVar [[r.Shadow.MaxCSMResolution:2048]]
[2022.09.11-10.30.29:996][  0]LogConfig: Setting CVar [[r.Shadow.RadiusThreshold:0.01]]
[2022.09.11-10.30.29:996][  0]LogConfig: Setting CVar [[r.Shadow.DistanceScale:1.0]]
[2022.09.11-10.30.29:996][  0]LogConfig: Setting CVar [[r.Shadow.CSM.TransitionScale:1.0]]
[2022.09.11-10.30.29:996][  0]LogConfig: Setting CVar [[r.Shadow.PreShadowResolutionFactor:1.0]]
[2022.09.11-10.30.29:996][  0]LogConfig: Setting CVar [[r.DistanceFieldShadowing:1]]
[2022.09.11-10.30.29:996][  0]LogConfig: Setting CVar [[r.DistanceFieldAO:1]]
[2022.09.11-10.30.29:996][  0]LogConfig: Setting CVar [[r.AOQuality:2]]
[2022.09.11-10.30.29:996][  0]LogConfig: Setting CVar [[r.VolumetricFog:1]]
[2022.09.11-10.30.29:997][  0]LogConfig: Setting CVar [[r.VolumetricFog.GridPixelSize:8]]
[2022.09.11-10.30.29:997][  0]LogConfig: Setting CVar [[r.VolumetricFog.GridSizeZ:128]]
[2022.09.11-10.30.29:997][  0]LogConfig: Setting CVar [[r.VolumetricFog.HistoryMissSupersampleCount:4]]
[2022.09.11-10.30.29:997][  0]LogConfig: Setting CVar [[r.LightMaxDrawDistanceScale:1]]
[2022.09.11-10.30.29:997][  0]LogConfig: Setting CVar [[r.CapsuleShadows:1]]
[2022.09.11-10.30.29:997][  0]LogConfig: Applying CVar settings from Section [PostProcessQuality@3] File [../../../MyProject/Saved/Config/WindowsNoEditor/Scalability.ini]
[2022.09.11-10.30.29:997][  0]LogConfig: Setting CVar [[r.MotionBlurQuality:4]]
[2022.09.11-10.30.29:997][  0]LogConfig: Setting CVar [[r.AmbientOcclusionMipLevelFactor:0.4]]
[2022.09.11-10.30.29:997][  0]LogConfig: Setting CVar [[r.AmbientOcclusionMaxQuality:100]]
[2022.09.11-10.30.29:997][  0]LogConfig: Setting CVar [[r.AmbientOcclusionLevels:-1]]
[2022.09.11-10.30.29:997][  0]LogConfig: Setting CVar [[r.AmbientOcclusionRadiusScale:1.0]]
[2022.09.11-10.30.29:997][  0]LogConfig: Setting CVar [[r.DepthOfFieldQuality:2]]
[2022.09.11-10.30.29:997][  0]LogConfig: Setting CVar [[r.RenderTargetPoolMin:400]]
[2022.09.11-10.30.29:997][  0]LogConfig: Setting CVar [[r.LensFlareQuality:2]]
[2022.09.11-10.30.29:997][  0]LogConfig: Setting CVar [[r.SceneColorFringeQuality:1]]
[2022.09.11-10.30.29:997][  0]LogConfig: Setting CVar [[r.EyeAdaptationQuality:2]]
[2022.09.11-10.30.29:997][  0]LogConfig: Setting CVar [[r.BloomQuality:5]]
[2022.09.11-10.30.29:997][  0]LogConfig: Setting CVar [[r.FastBlurThreshold:100]]
[2022.09.11-10.30.29:997][  0]LogConfig: Setting CVar [[r.Upscale.Quality:3]]
[2022.09.11-10.30.29:997][  0]LogConfig: Setting CVar [[r.Tonemapper.GrainQuantization:1]]
[2022.09.11-10.30.29:997][  0]LogConfig: Setting CVar [[r.LightShaftQuality:1]]
[2022.09.11-10.30.29:997][  0]LogConfig: Setting CVar [[r.Filter.SizeScale:1]]
[2022.09.11-10.30.29:997][  0]LogConfig: Setting CVar [[r.Tonemapper.Quality:5]]
[2022.09.11-10.30.29:997][  0]LogConfig: Setting CVar [[r.DOF.Gather.AccumulatorQuality:1        ; higher gathering accumulator quality]]
[2022.09.11-10.30.29:997][  0]LogConfig: Setting CVar [[r.DOF.Gather.PostfilterMethod:1          ; Median3x3 postfilering method]]
[2022.09.11-10.30.29:997][  0]LogConfig: Setting CVar [[r.DOF.Gather.EnableBokehSettings:0       ; no bokeh simulation when gathering]]
[2022.09.11-10.30.29:997][  0]LogConfig: Setting CVar [[r.DOF.Gather.RingCount:4                 ; medium number of samples when gathering]]
[2022.09.11-10.30.29:997][  0]LogConfig: Setting CVar [[r.DOF.Scatter.ForegroundCompositing:1    ; additive foreground scattering]]
[2022.09.11-10.30.29:997][  0]LogConfig: Setting CVar [[r.DOF.Scatter.BackgroundCompositing:2    ; additive background scattering]]
[2022.09.11-10.30.29:997][  0]LogConfig: Setting CVar [[r.DOF.Scatter.EnableBokehSettings:1      ; bokeh simulation when scattering]]
[2022.09.11-10.30.29:997][  0]LogConfig: Setting CVar [[r.DOF.Scatter.MaxSpriteRatio:0.1         ; only a maximum of 10% of scattered bokeh]]
[2022.09.11-10.30.29:997][  0]LogConfig: Setting CVar [[r.DOF.Recombine.Quality:1                ; cheap slight out of focus]]
[2022.09.11-10.30.29:997][  0]LogConfig: Setting CVar [[r.DOF.Recombine.EnableBokehSettings:0    ; no bokeh simulation on slight out of focus]]
[2022.09.11-10.30.29:997][  0]LogConfig: Setting CVar [[r.DOF.TemporalAAQuality:1                ; more stable temporal accumulation]]
[2022.09.11-10.30.29:997][  0]LogConfig: Setting CVar [[r.DOF.Kernel.MaxForegroundRadius:0.025]]
[2022.09.11-10.30.29:997][  0]LogConfig: Setting CVar [[r.DOF.Kernel.MaxBackgroundRadius:0.025]]
[2022.09.11-10.30.29:997][  0]LogConfig: Applying CVar settings from Section [TextureQuality@3] File [../../../MyProject/Saved/Config/WindowsNoEditor/Scalability.ini]
[2022.09.11-10.30.29:997][  0]LogConfig: Setting CVar [[r.Streaming.MipBias:0]]
[2022.09.11-10.30.29:997][  0]LogConfig: Setting CVar [[r.Streaming.AmortizeCPUToGPUCopy:0]]
[2022.09.11-10.30.29:997][  0]LogConfig: Setting CVar [[r.Streaming.MaxNumTexturesToStreamPerFrame:0]]
[2022.09.11-10.30.29:997][  0]LogConfig: Setting CVar [[r.Streaming.Boost:1]]
[2022.09.11-10.30.29:997][  0]LogConfig: Setting CVar [[r.MaxAnisotropy:8]]
[2022.09.11-10.30.29:997][  0]LogConfig: Setting CVar [[r.VT.MaxAnisotropy:8]]
[2022.09.11-10.30.29:997][  0]LogConfig: Setting CVar [[r.Streaming.LimitPoolSizeToVRAM:0]]
[2022.09.11-10.30.29:997][  0]LogConfig: Setting CVar [[r.Streaming.PoolSize:1000]]
[2022.09.11-10.30.29:997][  0]LogConfig: Setting CVar [[r.Streaming.MaxEffectiveScreenSize:0]]
[2022.09.11-10.30.29:997][  0]LogConfig: Applying CVar settings from Section [EffectsQuality@3] File [../../../MyProject/Saved/Config/WindowsNoEditor/Scalability.ini]
[2022.09.11-10.30.29:997][  0]LogConfig: Setting CVar [[r.TranslucencyLightingVolumeDim:64]]
[2022.09.11-10.30.29:997][  0]LogConfig: Setting CVar [[r.RefractionQuality:2]]
[2022.09.11-10.30.29:997][  0]LogConfig: Setting CVar [[r.SSR.Quality:3]]
[2022.09.11-10.30.29:997][  0]LogConfig: Setting CVar [[r.SSR.HalfResSceneColor:0]]
[2022.09.11-10.30.29:997][  0]LogConfig: Setting CVar [[r.SceneColorFormat:4]]
[2022.09.11-10.30.29:997][  0]LogConfig: Setting CVar [[r.DetailMode:2]]
[2022.09.11-10.30.29:997][  0]LogConfig: Setting CVar [[r.TranslucencyVolumeBlur:1]]
[2022.09.11-10.30.29:997][  0]LogConfig: Setting CVar [[r.MaterialQualityLevel:1 ; High quality]]
[2022.09.11-10.30.29:997][  0]LogConfig: Setting CVar [[r.SSS.Scale:1]]
[2022.09.11-10.30.29:997][  0]LogConfig: Setting CVar [[r.SSS.SampleSet:2]]
[2022.09.11-10.30.29:997][  0]LogConfig: Setting CVar [[r.SSS.Quality:1]]
[2022.09.11-10.30.29:997][  0]LogConfig: Setting CVar [[r.SSS.HalfRes:1]]
[2022.09.11-10.30.29:997][  0]LogConfig: Setting CVar [[r.SSGI.Quality:3]]
[2022.09.11-10.30.29:997][  0]LogConfig: Setting CVar [[r.EmitterSpawnRateScale:1.0]]
[2022.09.11-10.30.29:997][  0]LogConfig: Setting CVar [[r.ParticleLightQuality:2]]
[2022.09.11-10.30.29:997][  0]LogConfig: Setting CVar [[r.SkyAtmosphere.AerialPerspectiveLUT.FastApplyOnOpaque:1 ; Always have FastSkyLUT 1 in this case to avoid wrong sky]]
[2022.09.11-10.30.29:997][  0]LogConfig: Setting CVar [[r.SkyAtmosphere.AerialPerspectiveLUT.SampleCountPerSlice:1]]
[2022.09.11-10.30.29:997][  0]LogConfig: Setting CVar [[r.SkyAtmosphere.AerialPerspectiveLUT.DepthResolution:16.0]]
[2022.09.11-10.30.29:997][  0]LogConfig: Setting CVar [[r.SkyAtmosphere.FastSkyLUT:1]]
[2022.09.11-10.30.29:997][  0]LogConfig: Setting CVar [[r.SkyAtmosphere.FastSkyLUT.SampleCountMin:4.0]]
[2022.09.11-10.30.29:997][  0]LogConfig: Setting CVar [[r.SkyAtmosphere.FastSkyLUT.SampleCountMax:32.0]]
[2022.09.11-10.30.29:997][  0]LogConfig: Setting CVar [[r.SkyAtmosphere.SampleCountMin:4.0]]
[2022.09.11-10.30.29:997][  0]LogConfig: Setting CVar [[r.SkyAtmosphere.SampleCountMax:32.0]]
[2022.09.11-10.30.29:997][  0]LogConfig: Setting CVar [[r.SkyAtmosphere.TransmittanceLUT.UseSmallFormat:0]]
[2022.09.11-10.30.29:997][  0]LogConfig: Setting CVar [[r.SkyAtmosphere.TransmittanceLUT.SampleCount:10.0]]
[2022.09.11-10.30.29:997][  0]LogConfig: Setting CVar [[r.SkyAtmosphere.MultiScatteringLUT.SampleCount:15.0]]
[2022.09.11-10.30.29:997][  0]LogConfig: Applying CVar settings from Section [FoliageQuality@3] File [../../../MyProject/Saved/Config/WindowsNoEditor/Scalability.ini]
[2022.09.11-10.30.29:997][  0]LogConfig: Setting CVar [[foliage.DensityScale:1.0]]
[2022.09.11-10.30.29:997][  0]LogConfig: Setting CVar [[grass.DensityScale:1.0]]
[2022.09.11-10.30.29:997][  0]LogConfig: Applying CVar settings from Section [ShadingQuality@3] File [../../../MyProject/Saved/Config/WindowsNoEditor/Scalability.ini]
[2022.09.11-10.30.29:997][  0]LogConfig: Setting CVar [[r.HairStrands.SkyLighting.SampleCount:16]]
[2022.09.11-10.30.29:997][  0]LogConfig: Setting CVar [[r.HairStrands.SkyLighting.JitterIntegration:0]]
[2022.09.11-10.30.29:997][  0]LogConfig: Setting CVar [[r.HairStrands.SkyAO.SampleCount:16]]
[2022.09.11-10.30.29:997][  0]LogConfig: Applying CVar settings from Section [Startup] File [../../../Engine/Config/ConsoleVariables.ini]
[2022.09.11-10.30.29:998][  0]LogConfig: Setting CVar [[net.UseAdaptiveNetUpdateFrequency:0]]
[2022.09.11-10.30.29:998][  0]LogConfig: Setting CVar [[p.chaos.AllowCreatePhysxBodies:1]]
[2022.09.11-10.30.29:998][  0]LogConfig: Applying CVar settings from Section [ConsoleVariables] File [../../../MyProject/Saved/Config/WindowsNoEditor/Engine.ini]
[2022.09.11-10.30.30:000][  0]LogInit: Computer: OLEGOLEKSAN
[2022.09.11-10.30.30:000][  0]LogInit: User: PC
[2022.09.11-10.30.30:000][  0]LogInit: CPU Page size=4096, Cores=4
[2022.09.11-10.30.30:000][  0]LogInit: High frequency timer resolution =10.000000 MHz
[2022.09.11-10.30.30:000][  0]LogMemory: Memory total: Physical=7.9GB (8GB approx)
[2022.09.11-10.30.30:000][  0]LogMemory: Platform Memory Stats for WindowsNoEditor
[2022.09.11-10.30.30:000][  0]LogMemory: Process Physical Memory: 57.91 MB used, 57.91 MB peak
[2022.09.11-10.30.30:000][  0]LogMemory: Process Virtual Memory: 68.39 MB used, 68.39 MB peak
[2022.09.11-10.30.30:000][  0]LogMemory: Physical Memory: 6329.46 MB used,  1742.78 MB free, 8072.24 MB total
[2022.09.11-10.30.30:000][  0]LogMemory: Virtual Memory: 4904.39 MB used,  134212824.00 MB free, 134217728.00 MB total
[2022.09.11-10.30.30:005][  0]LogWindows: WindowsPlatformFeatures enabled
[2022.09.11-10.30.30:225][  0]LogInit: Using OS detected language (ru-RU).
[2022.09.11-10.30.30:225][  0]LogInit: Using OS detected locale (ru-UA).
[2022.09.11-10.30.30:226][  0]LogTextLocalizationManager: No localization for 'ru-RU' exists, so 'en' will be used for the language.
[2022.09.11-10.30.30:226][  0]LogTextLocalizationManager: No localization for 'ru-UA' exists, so 'en' will be used for the locale.
[2022.09.11-10.30.30:270][  0]LogSlate: New Slate User Created.  User Index 0, Is Virtual User: 0
[2022.09.11-10.30.30:270][  0]LogSlate: Slate User Registered.  User Index 0, Is Virtual User: 0
[2022.09.11-10.30.30:299][  0]LogHMD: Failed to initialize OpenVR with code 110
[2022.09.11-10.30.30:300][  0]LogD3D11RHI: D3D11 min allowed feature level: 11_0
[2022.09.11-10.30.30:300][  0]LogD3D11RHI: D3D11 max allowed feature level: 11_0
[2022.09.11-10.30.30:300][  0]LogD3D11RHI: D3D11 adapters:
[2022.09.11-10.30.30:597][  0]LogD3D11RHI:    0. 'NVIDIA GeForce GTX 1650' (Feature Level 11_0)
[2022.09.11-10.30.30:597][  0]LogD3D11RHI:       3962/0/4036 MB DedicatedVideo/DedicatedSystem/SharedSystem, Outputs:2, VendorId:0x10de
[2022.09.11-10.30.30:638][  0]LogD3D11RHI:    1. 'Intel(R) UHD Graphics 630' (Feature Level 11_0)
[2022.09.11-10.30.30:638][  0]LogD3D11RHI:       128/0/4036 MB DedicatedVideo/DedicatedSystem/SharedSystem, Outputs:0, VendorId:0x8086
[2022.09.11-10.30.30:641][  0]LogD3D11RHI:    2. 'Microsoft Basic Render Driver' (Feature Level 11_0)
[2022.09.11-10.30.30:641][  0]LogD3D11RHI:       0/0/4036 MB DedicatedVideo/DedicatedSystem/SharedSystem, Outputs:0, VendorId:0x1414
[2022.09.11-10.30.30:641][  0]LogD3D11RHI: Chosen D3D11 Adapter: 0
[2022.09.11-10.30.30:647][  0]LogD3D11RHI: Creating new Direct3DDevice
[2022.09.11-10.30.30:648][  0]LogD3D11RHI:     GPU DeviceId: 0x1f91 (for the marketing name, search the web for "GPU Device Id")
[2022.09.11-10.30.30:648][  0]LogWindows: EnumDisplayDevices:
[2022.09.11-10.30.30:648][  0]LogWindows:    0. 'Intel(R) UHD Graphics 630' (P:1 D:1)
[2022.09.11-10.30.30:648][  0]LogWindows:    1. 'Intel(R) UHD Graphics 630' (P:0 D:0)
[2022.09.11-10.30.30:648][  0]LogWindows:    2. 'Intel(R) UHD Graphics 630' (P:0 D:0)
[2022.09.11-10.30.30:648][  0]LogWindows:    3. 'NVIDIA GeForce GTX 1650' (P:0 D:1)
[2022.09.11-10.30.30:649][  0]LogWindows:    4. 'NVIDIA GeForce GTX 1650' (P:0 D:0)
[2022.09.11-10.30.30:649][  0]LogWindows:    5. 'NVIDIA GeForce GTX 1650' (P:0 D:0)
[2022.09.11-10.30.30:649][  0]LogWindows:    6. 'NVIDIA GeForce GTX 1650' (P:0 D:0)
[2022.09.11-10.30.30:649][  0]LogWindows: DebugString: PrimaryIsNotTheChoosenAdapter PrimaryIsNotTheChoosenAdapter PrimaryIsNotTheChoosenAdapter FoundDriverCount:4 
[2022.09.11-10.30.30:649][  0]LogD3D11RHI:     Adapter Name: NVIDIA GeForce GTX 1650
[2022.09.11-10.30.30:649][  0]LogD3D11RHI:   Driver Version: 516.59 (internal:31.0.15.1659, unified:516.59)
[2022.09.11-10.30.30:649][  0]LogD3D11RHI:      Driver Date: 6-23-2022
[2022.09.11-10.30.30:649][  0]LogRHI: Texture pool is 2773 MB (70% of 3962 MB)
[2022.09.11-10.30.30:714][  0]LogD3D11RHI: RHI has support for 64 bit atomics
[2022.09.11-10.30.30:714][  0]LogD3D11RHI: Async texture creation enabled
[2022.09.11-10.30.30:770][  0]LogD3D11RHI: GPU Timing Frequency: 1000.000000 (Debug: 2 1)
[2022.09.11-10.30.30:806][  0]LogMaterial: Verifying Global Shaders for PCD3D_SM5
[2022.09.11-10.30.30:825][  0]LogSlate: Using FreeType 2.10.0
[2022.09.11-10.30.30:827][  0]LogSlate: SlateFontServices - WITH_FREETYPE: 1, WITH_HARFBUZZ: 1
[2022.09.11-10.30.30:943][  0]LogInit: Using OS detected language (ru-RU).
[2022.09.11-10.30.30:943][  0]LogInit: Using OS detected locale (ru-UA).
[2022.09.11-10.30.30:943][  0]LogTextLocalizationManager: No localization for 'ru-RU' exists, so 'en' will be used for the language.
[2022.09.11-10.30.30:943][  0]LogTextLocalizationManager: No localization for 'ru-UA' exists, so 'en' will be used for the locale.
[2022.09.11-10.30.30:945][  0]LogTextLocalizationManager: Compacting localization data took   1.25ms
[2022.09.11-10.30.30:953][  0]LogAssetRegistry: FAssetRegistry took 0.0070 seconds to start up
[2022.09.11-10.30.31:127][  0]LogStreaming: Display: Flushing async loaders.
[2022.09.11-10.30.31:129][  0]LogPackageLocalizationCache: Processed 9 localized package path(s) for 1 prioritized culture(s) in 0.000741 seconds
[2022.09.11-10.30.31:129][  0]LogPakFile: New pak file ../../../MyProject/Content/Paks/MyProject-WindowsNoEditor.pak added to pak precacher.
[2022.09.11-10.30.31:143][  0]LogInit: Selected Device Profile: [WindowsNoEditor]
[2022.09.11-10.30.31:169][  0]LogNetVersion: MyProject 1.0.0, NetCL: 10570792, EngineNetVer: 13, GameNetVer: 0 (Checksum: 2318771507)
[2022.09.11-10.30.31:240][  0]LogAudioCaptureCore: Display: No Audio Capture implementations found. Audio input will be silent.
[2022.09.11-10.30.31:240][  0]LogAudioCaptureCore: Display: No Audio Capture implementations found. Audio input will be silent.
[2022.09.11-10.30.31:326][  0]LogMoviePlayer: Initializing movie player
[2022.09.11-10.30.31:330][  0]LogAndroidPermission: UAndroidPermissionCallbackProxy::GetInstance
[2022.09.11-10.30.31:330][  0]LogOcInput: OculusInput pre-init called
[2022.09.11-10.30.31:335][  0]LogUObjectArray: 42683 objects as part of root set at end of initial load.
[2022.09.11-10.30.31:335][  0]LogUObjectArray: 2 objects are not in the root set, but can never be destroyed because they are in the DisregardForGC set.
[2022.09.11-10.30.31:335][  0]LogUObjectAllocator: 6351568 out of 0 bytes used by permanent object pool.
[2022.09.11-10.30.31:335][  0]LogUObjectArray: CloseDisregardForGC: 42683/42683 objects in disregard for GC pool
[2022.09.11-10.30.31:337][  0]LogEngine: Initializing Engine...
[2022.09.11-10.30.31:338][  0]LogHMD: Failed to initialize OpenVR with code 110
[2022.09.11-10.30.31:339][  0]LogStats: UGameplayTagsManager::InitializeManager -  0.000 s
[2022.09.11-10.30.31:464][  0]LogPakFile: Precache HighWater 16MB

[2022.09.11-10.30.31:464][  0]LogPakFile: Precache HighWater 32MB

[2022.09.11-10.30.31:464][  0]LogInit: Initializing FReadOnlyCVARCache
[2022.09.11-10.30.31:465][  0]LogAudioMixer: Display: Audio Mixer Platform Settings:
[2022.09.11-10.30.31:465][  0]LogAudioMixer: Display: 	Sample Rate:						  48000
[2022.09.11-10.30.31:465][  0]LogAudioMixer: Display: 	Callback Buffer Frame Size Requested: 1024
[2022.09.11-10.30.31:465][  0]LogAudioMixer: Display: 	Callback Buffer Frame Size To Use:	  1024
[2022.09.11-10.30.31:465][  0]LogAudioMixer: Display: 	Number of buffers to queue:			  2
[2022.09.11-10.30.31:465][  0]LogAudioMixer: Display: 	Max Channels (voices):				  32
[2022.09.11-10.30.31:465][  0]LogAudioMixer: Display: 	Number of Async Source Workers:		  0
[2022.09.11-10.30.31:465][  0]LogAudio: Display: AudioDevice MaxSources: 32
[2022.09.11-10.30.31:467][  0]LogAudio: Display: Using built-in audio occlusion.
[2022.09.11-10.30.31:467][  0]LogAudioMixer: Display: Initializing audio mixer.
[2022.09.11-10.30.31:513][  0]LogAudioDebug: Display: Lib vorbis DLL was dynamically loaded.
[2022.09.11-10.30.31:534][  0]LogAudioMixer: Display: Audio Device Output Speaker Info:
[2022.09.11-10.30.31:534][  0]LogAudioMixer: Display: Name: Динамики (Realtek(R) Audio)
[2022.09.11-10.30.31:534][  0]LogAudioMixer: Display: Is Default: Yes
[2022.09.11-10.30.31:534][  0]LogAudioMixer: Display: Sample Rate: 48000
[2022.09.11-10.30.31:534][  0]LogAudioMixer: Display: Channel Count Used: 2
[2022.09.11-10.30.31:535][  0]LogAudioMixer: Display: Device Channel Count: 2
[2022.09.11-10.30.31:535][  0]LogAudioMixer: Display: Channel Order:
[2022.09.11-10.30.31:535][  0]LogAudioMixer: Display: 0: FrontLeft
[2022.09.11-10.30.31:535][  0]LogAudioMixer: Display: 1: FrontRight
[2022.09.11-10.30.31:726][  0]LogAudioMixer: Display: Using Audio Device Динамики (Realtek(R) Audio)
[2022.09.11-10.30.31:731][  0]LogInit: FAudioDevice initialized.
[2022.09.11-10.30.31:733][  0]LogNetVersion: Set ProjectVersion to 1.0.0.0. Version Checksum will be recalculated on next use.
[2022.09.11-10.30.31:733][  0]LogInit: Texture streaming: Enabled
[2022.09.11-10.30.31:760][  0]LogSlate: Updating window title bar state: overlay mode, drag disabled, window buttons hidden, title bar hidden
[2022.09.11-10.30.31:762][  0]LogInit: Display: Game Engine Initialized.
[2022.09.11-10.30.31:763][  0]LogInit: Display: Starting Game.
[2022.09.11-10.30.31:763][  0]LogNet: Browse: /Game/2DSideScrollerBP/Maps/2DSideScrollerExampleMap?Name=Player
[2022.09.11-10.30.31:764][  0]LogLoad: LoadMap: /Game/2DSideScrollerBP/Maps/2DSideScrollerExampleMap?Name=Player
[2022.09.11-10.30.31:764][  0]LogWorld: BeginTearingDown for /Temp/Untitled_0
[2022.09.11-10.30.31:767][  0]LogWorld: UWorld::CleanupWorld for Untitled, bSessionEnded=true, bCleanupResources=true
[2022.09.11-10.30.31:768][  0]LogSlate: InvalidateAllWidgets triggered.  All widgets were invalidated
[2022.09.11-10.30.31:775][  0]LogAudioMixer: Display: No commands were queued while flushing the source manager.
[2022.09.11-10.30.31:778][  0]LogUObjectHash: Compacting FUObjectHashTables data took   1.97ms
[2022.09.11-10.30.31:800][  0]LogAIModule: Creating AISystem for world 2DSideScrollerExampleMap
[2022.09.11-10.30.31:800][  0]LogLoad: Game class is '2DSideScrollerGameMode_C'
[2022.09.11-10.30.31:807][  0]LogWorld: Bringing World /Game/2DSideScrollerBP/Maps/2DSideScrollerExampleMap.2DSideScrollerExampleMap up for play (max tick rate 0) at 2022.09.11-13.30.31
[2022.09.11-10.30.31:808][  0]LogWorld: Bringing up level for play took: 0.005343
[2022.09.11-10.30.31:813][  0]LogLoad: Took 0.048898 seconds to LoadMap(/Game/2DSideScrollerBP/Maps/2DSideScrollerExampleMap)
[2022.09.11-10.30.31:838][  0]LogLoad: (Engine Initialization) Total time: 2.32 seconds
[2022.09.11-10.30.31:844][  0]LogRenderer: Reallocating scene render targets to support 1536x864 Format 10 NumSamples 1 (Frame:1).
[2022.09.11-10.30.31:886][  0]LogContentStreaming: Texture pool size now 1000 MB
[2022.09.11-10.30.44:836][138]LogSlate: Request Window 'MyProject (64-bit Development PCD3D_SM5) ' being destroyed
[2022.09.11-10.30.44:843][138]LogSlate: Window 'MyProject (64-bit Development PCD3D_SM5) ' being destroyed
[2022.09.11-10.30.44:845][138]LogWindowsTextInputMethodSystem: Display: IME system now deactivated.
[2022.09.11-10.30.44:854][139]LogSlate: Updating window title bar state: overlay mode, drag disabled, window buttons hidden, title bar hidden
[2022.09.11-10.30.44:854][139]LogEngine: All Windows Closed
[2022.09.11-10.30.44:855][139]LogWindows: FPlatformMisc::RequestExit(0)
[2022.09.11-10.30.44:855][139]LogCore: Engine exit requested (reason: Win RequestExit)
[2022.09.11-10.30.44:855][140]LogCore: Engine exit requested (reason: EngineExit() was called; note: exit was already requested)
[2022.09.11-10.30.44:857][140]LogAudioMixer: Display: No commands were queued while flushing the source manager.
[2022.09.11-10.30.44:884][140]LogInit: Display: PreExit Game.
[2022.09.11-10.30.44:903][140]LogWorld: BeginTearingDown for /Game/2DSideScrollerBP/Maps/2DSideScrollerExampleMap
[2022.09.11-10.30.44:904][140]LogWorld: UWorld::CleanupWorld for 2DSideScrollerExampleMap, bSessionEnded=true, bCleanupResources=true
[2022.09.11-10.30.44:905][140]LogSlate: InvalidateAllWidgets triggered.  All widgets were invalidated
[2022.09.11-10.30.45:355][140]LogExit: Preparing to exit.
[2022.09.11-10.30.45:355][140]LogMoviePlayer: Shutting down movie player
[2022.09.11-10.30.45:366][140]LogSlate: Updating window title bar state: overlay mode, drag disabled, window buttons hidden, title bar hidden
[2022.09.11-10.30.45:368][140]LogDemo: Cleaned up 0 splitscreen connections with owner deletion
[2022.09.11-10.30.45:370][140]LogExit: Game engine shut down
[2022.09.11-10.30.45:413][140]LogExit: Object subsystem successfully closed.
[2022.09.11-10.30.45:424][140]LogModuleManager: Shutting down and abandoning module AutomationController (268)
[2022.09.11-10.30.45:424][140]LogModuleManager: Shutting down and abandoning module AutomationWorker (266)
[2022.09.11-10.30.45:424][140]LogModuleManager: Shutting down and abandoning module Voice (264)
[2022.09.11-10.30.45:424][140]LogModuleManager: Shutting down and abandoning module AIModule (262)
[2022.09.11-10.30.45:424][140]LogModuleManager: Shutting down and abandoning module GameplayDebugger (261)
[2022.09.11-10.30.45:424][140]LogModuleManager: Shutting down and abandoning module NavigationSystem (259)
[2022.09.11-10.30.45:425][140]LogModuleManager: Shutting down and abandoning module WebMMediaFactory (256)
[2022.09.11-10.30.45:425][140]LogModuleManager: Shutting down and abandoning module WebMMedia (254)
[2022.09.11-10.30.45:425][140]LogModuleManager: Shutting down and abandoning module OculusMR (252)
[2022.09.11-10.30.45:425][140]LogModuleManager: Shutting down and abandoning module WmfMediaFactory (250)
[2022.09.11-10.30.45:425][140]LogModuleManager: Shutting down and abandoning module OpenExrWrapper (248)
[2022.09.11-10.30.45:425][140]LogModuleManager: Shutting down and abandoning module ImgMediaFactory (246)
[2022.09.11-10.30.45:425][140]LogModuleManager: Shutting down and abandoning module AvfMediaFactory (244)
[2022.09.11-10.30.45:425][140]LogModuleManager: Shutting down and abandoning module CharacterAI (242)
[2022.09.11-10.30.45:425][140]LogModuleManager: Shutting down and abandoning module SessionServices (240)
[2022.09.11-10.30.45:425][140]LogModuleManager: Shutting down and abandoning module LiveCoding (238)
[2022.09.11-10.30.45:425][140]LogModuleManager: Shutting down and abandoning module LevelSequence (236)
[2022.09.11-10.30.45:425][140]LogModuleManager: Shutting down and abandoning module MovieSceneTracks (234)
[2022.09.11-10.30.45:425][140]LogModuleManager: Shutting down and abandoning module MovieScene (232)
[2022.09.11-10.30.45:426][140]LogModuleManager: Shutting down and abandoning module StreamingPauseRendering (230)
[2022.09.11-10.30.45:426][140]LogModuleManager: Shutting down and abandoning module AudioMixerXAudio2 (228)
[2022.09.11-10.30.45:426][140]LogModuleManager: Shutting down and abandoning module ImageWriteQueue (226)
[2022.09.11-10.30.45:427][140]LogModuleManager: Shutting down and abandoning module ProfilerService (224)
[2022.09.11-10.30.45:616][140]LogModuleManager: Shutting down and abandoning module TaskGraph (222)
[2022.09.11-10.30.45:617][140]LogModuleManager: Shutting down and abandoning module ProceduralMeshComponent (220)
[2022.09.11-10.30.45:617][140]LogModuleManager: Shutting down and abandoning module OculusInput (218)
[2022.09.11-10.30.45:617][140]LogModuleManager: Shutting down and abandoning module MobilePatchingUtils (216)
[2022.09.11-10.30.45:617][140]LogModuleManager: Shutting down and abandoning module EditableMesh (214)
[2022.09.11-10.30.45:617][140]LogModuleManager: Shutting down and abandoning module CustomMeshComponent (212)
[2022.09.11-10.30.45:617][140]LogModuleManager: Shutting down and abandoning module CableComponent (210)
[2022.09.11-10.30.45:617][140]LogModuleManager: Shutting down and abandoning module AudioCapture (208)
[2022.09.11-10.30.45:617][140]LogModuleManager: Shutting down and abandoning module AudioCaptureRtAudio (207)
[2022.09.11-10.30.45:617][140]LogModuleManager: Shutting down and abandoning module AssetTags (204)
[2022.09.11-10.30.45:617][140]LogModuleManager: Shutting down and abandoning module ArchVisCharacter (202)
[2022.09.11-10.30.45:617][140]LogModuleManager: Shutting down and abandoning module AppleImageUtils (200)
[2022.09.11-10.30.45:617][140]LogModuleManager: Shutting down and abandoning module AndroidPermission (198)
[2022.09.11-10.30.45:617][140]LogModuleManager: Shutting down and abandoning module MediaCompositing (196)
[2022.09.11-10.30.45:617][140]LogModuleManager: Shutting down and abandoning module ImgMedia (194)
[2022.09.11-10.30.45:617][140]LogModuleManager: Shutting down and abandoning module MagicLeapHelperVulkan (192)
[2022.09.11-10.30.45:617][140]LogModuleManager: Shutting down and abandoning module MagicLeapHelperOpenGL (190)
[2022.09.11-10.30.45:617][140]LogModuleManager: Shutting down and abandoning module MagicLeapAudio (188)
[2022.09.11-10.30.45:617][140]LogModuleManager: Shutting down and abandoning module BackChannel (186)
[2022.09.11-10.30.45:617][140]LogModuleManager: Shutting down and abandoning module AutomationUtils (184)
[2022.09.11-10.30.45:617][140]LogModuleManager: Shutting down and abandoning module GeometryCacheTracks (182)
[2022.09.11-10.30.45:617][140]LogModuleManager: Shutting down and abandoning module GeometryCache (180)
[2022.09.11-10.30.45:617][140]LogModuleManager: Shutting down and abandoning module UObjectPlugin (178)
[2022.09.11-10.30.45:617][140]LogModuleManager: Shutting down and abandoning module RuntimePhysXCooking (176)
[2022.09.11-10.30.45:617][140]LogModuleManager: Shutting down and abandoning module LocationServicesBPLibrary (172)
[2022.09.11-10.30.45:617][140]LogModuleManager: Shutting down and abandoning module ActorSequence (170)
[2022.09.11-10.30.45:617][140]LogModuleManager: Shutting down and abandoning module UdpMessaging (168)
[2022.09.11-10.30.45:617][140]LogModuleManager: Shutting down and abandoning module TcpMessaging (166)
[2022.09.11-10.30.45:618][140]LogModuleManager: Shutting down and abandoning module MagicLeapPrivileges (164)
[2022.09.11-10.30.45:618][140]LogModuleManager: Shutting down and abandoning module MagicLeapPlanes (162)
[2022.09.11-10.30.45:618][140]LogModuleManager: Shutting down and abandoning module MagicLeapIdentity (160)
[2022.09.11-10.30.45:618][140]LogModuleManager: Shutting down and abandoning module MagicLeapSecureStorage (158)
[2022.09.11-10.30.45:618][140]LogModuleManager: Shutting down and abandoning module MagicLeapImageTracker (156)
[2022.09.11-10.30.45:618][140]LogModuleManager: Shutting down and abandoning module MagicLeapHandTracking (154)
[2022.09.11-10.30.45:618][140]LogModuleManager: Shutting down and abandoning module MagicLeapHandMeshing (152)
[2022.09.11-10.30.45:618][140]LogModuleManager: Shutting down and abandoning module MagicLeapEyeTracker (150)
[2022.09.11-10.30.45:618][140]LogModuleManager: Shutting down and abandoning module MagicLeapController (148)
[2022.09.11-10.30.45:618][140]LogSlate: Slate User Destroyed.  User Index 0, Is Virtual User: 0
[2022.09.11-10.30.45:618][140]LogModuleManager: Shutting down and abandoning module MagicLeapARPin (146)
[2022.09.11-10.30.45:618][140]LogModuleManager: Shutting down and abandoning module MagicLeapAR (144)
[2022.09.11-10.30.45:618][140]LogModuleManager: Shutting down and abandoning module AugmentedReality (143)
[2022.09.11-10.30.45:618][140]LogModuleManager: Shutting down and abandoning module FacialAnimation (140)
[2022.09.11-10.30.45:618][140]LogModuleManager: Shutting down and abandoning module SignificanceManager (138)
[2022.09.11-10.30.45:618][140]LogModuleManager: Shutting down and abandoning module AnimationSharing (136)
[2022.09.11-10.30.45:618][140]LogModuleManager: Shutting down and abandoning module LightPropagationVolumeRuntime (134)
[2022.09.11-10.30.45:618][140]LogModuleManager: Shutting down and abandoning module Paper2D (132)
[2022.09.11-10.30.45:618][140]LogModuleManager: Shutting down and abandoning module WindowsMoviePlayer (130)
[2022.09.11-10.30.45:619][140]LogModuleManager: Shutting down and abandoning module WebMMoviePlayer (128)
[2022.09.11-10.30.45:619][140]LogModuleManager: Shutting down and abandoning module NetworkReplayStreaming (126)
[2022.09.11-10.30.45:619][140]LogModuleManager: Shutting down and abandoning module PacketHandler (124)
[2022.09.11-10.30.45:619][140]LogModuleManager: Shutting down and abandoning module ClothingSystemRuntimeNv (122)
[2022.09.11-10.30.45:620][140]LogModuleManager: Shutting down and abandoning module MediaAssets (120)
[2022.09.11-10.30.45:620][140]LogModuleManager: Shutting down and abandoning module Overlay (118)
[2022.09.11-10.30.45:620][140]LogModuleManager: Shutting down and abandoning module FunctionalTesting (116)
[2022.09.11-10.30.45:620][140]LogModuleManager: Shutting down and abandoning module MessageLog (114)
[2022.09.11-10.30.45:621][140]LogModuleManager: Shutting down and abandoning module UMG (112)
[2022.09.11-10.30.45:621][140]LogModuleManager: Shutting down and abandoning module SlateReflector (110)
[2022.09.11-10.30.45:622][140]LogModuleManager: Shutting down and abandoning module Slate (108)
[2022.09.11-10.30.45:622][140]LogModuleManager: Shutting down and abandoning module SlateCore (106)
[2022.09.11-10.30.45:622][140]LogModuleManager: Shutting down and abandoning module MRMesh (104)
[2022.09.11-10.30.45:622][140]LogModuleManager: Shutting down and abandoning module Messaging (102)
[2022.09.11-10.30.45:622][140]LogModuleManager: Shutting down and abandoning module HeadMountedDisplay (100)
[2022.09.11-10.30.45:622][140]LogModuleManager: Shutting down and abandoning module XAudio2 (98)
[2022.09.11-10.30.45:622][140]LogModuleManager: Shutting down and abandoning module Networking (96)
[2022.09.11-10.30.45:622][140]LogModuleManager: Shutting down and abandoning module Core (94)
[2022.09.11-10.30.45:622][140]LogModuleManager: Shutting down and abandoning module ImageWrapper (90)
[2022.09.11-10.30.45:622][140]LogModuleManager: Shutting down and abandoning module InputCore (88)
[2022.09.11-10.30.45:622][140]LogModuleManager: Shutting down and abandoning module Settings (86)
[2022.09.11-10.30.45:622][140]LogModuleManager: Shutting down and abandoning module PhysXCooking (84)
[2022.09.11-10.30.45:622][140]LogModuleManager: Shutting down and abandoning module ChaosSolvers (82)
[2022.09.11-10.30.45:623][140]LogModuleManager: Shutting down and abandoning module FieldSystemEngine (81)
[2022.09.11-10.30.45:623][140]LogModuleManager: Shutting down and abandoning module Chaos (78)
[2022.09.11-10.30.45:623][140]LogModuleManager: Shutting down and abandoning module WindowsPlatformFeatures (76)
[2022.09.11-10.30.45:623][140]LogModuleManager: Shutting down and abandoning module GameplayMediaEncoder (75)
[2022.09.11-10.30.45:623][140]LogModuleManager: Shutting down and abandoning module SteamVRInputDevice (72)
[2022.09.11-10.30.45:623][140]LogModuleManager: Shutting down and abandoning module SteamVRInput (70)
[2022.09.11-10.30.45:623][140]LogModuleManager: Shutting down and abandoning module SteamVR (68)
[2022.09.11-10.30.45:623][140]LogHMD: Freeing OpenVRDLLHandle.
[2022.09.11-10.30.45:623][140]LogModuleManager: Shutting down and abandoning module OculusHMD (66)
[2022.09.11-10.30.45:623][140]LogModuleManager: Shutting down and abandoning module ExampleDeviceProfileSelector (64)
[2022.09.11-10.30.45:623][140]LogModuleManager: Shutting down and abandoning module LauncherChunkInstaller (62)
[2022.09.11-10.30.45:623][140]LogModuleManager: Shutting down and abandoning module OnlineSubsystem (58)
[2022.09.11-10.30.45:624][140]LogModuleManager: Shutting down and abandoning module HTTP (53)
[2022.09.11-10.30.45:629][140]LogModuleManager: Shutting down and abandoning module SSL (52)
[2022.09.11-10.30.45:629][140]LogModuleManager: Shutting down and abandoning module WmfMedia (48)
[2022.09.11-10.30.45:630][140]LogModuleManager: Shutting down and abandoning module Media (47)
[2022.09.11-10.30.45:631][140]LogModuleManager: Shutting down and abandoning module MagicLeap (44)
[2022.09.11-10.30.45:631][140]LogModuleManager: Shutting down and abandoning module VariantManagerContent (42)
[2022.09.11-10.30.45:631][140]LogModuleManager: Shutting down and abandoning module DatasmithContent (40)
[2022.09.11-10.30.45:631][140]LogModuleManager: Shutting down and abandoning module AISupportModule (38)
[2022.09.11-10.30.45:631][140]LogModuleManager: Shutting down and abandoning module PlatformCryptoOpenSSL (36)
[2022.09.11-10.30.45:631][140]LogModuleManager: Shutting down and abandoning module PlatformCryptoTypes (34)
[2022.09.11-10.30.45:631][140]LogModuleManager: Shutting down and abandoning module PlatformCrypto (32)
[2022.09.11-10.30.45:631][140]LogModuleManager: Shutting down and abandoning module RenderCore (30)
[2022.09.11-10.30.45:631][140]LogModuleManager: Shutting down and abandoning module Landscape (28)
[2022.09.11-10.30.45:631][140]LogModuleManager: Shutting down and abandoning module SlateRHIRenderer (26)
[2022.09.11-10.30.45:631][140]LogModuleManager: Shutting down and abandoning module OpenGLDrv (24)
[2022.09.11-10.30.45:631][140]LogModuleManager: Shutting down and abandoning module D3D11RHI (22)
[2022.09.11-10.30.45:631][140]LogModuleManager: Shutting down and abandoning module AnimGraphRuntime (20)
[2022.09.11-10.30.45:631][140]LogModuleManager: Shutting down and abandoning module Renderer (18)
[2022.09.11-10.30.45:632][140]LogModuleManager: Shutting down and abandoning module Engine (16)
[2022.09.11-10.30.45:632][140]LogModuleManager: Shutting down and abandoning module CoreUObject (14)
[2022.09.11-10.30.45:632][140]LogModuleManager: Shutting down and abandoning module NetworkFile (12)
[2022.09.11-10.30.45:632][140]LogModuleManager: Shutting down and abandoning module CookedIterativeFile (10)
[2022.09.11-10.30.45:632][140]LogModuleManager: Shutting down and abandoning module StreamingFile (8)
[2022.09.11-10.30.45:632][140]LogModuleManager: Shutting down and abandoning module SandboxFile (6)
[2022.09.11-10.30.45:632][140]LogModuleManager: Shutting down and abandoning module PakFile (4)
[2022.09.11-10.30.45:632][140]LogModuleManager: Shutting down and abandoning module RSA (3)
[2022.09.11-10.30.45:633][140]LogD3D11RHI: Shutdown
[2022.09.11-10.30.45:633][140]LogD3D11RHI: CleanupD3DDevice
[2022.09.11-10.30.45:639][140]LogExit: Exiting.
[2022.09.11-10.30.45:649][140]Log file closed, 09/11/22 13:30:45
